Vercel CLI 48.8.2
Retrieving project…
Deploying alialshehriars-projects/bithrah-app
Uploading [--------------------] (0.0B/17.5KB)
Uploading [==============------] (12.9KB/17.5KB)
Uploading [====================] (17.5KB/17.5KB)
Inspect: https://vercel.com/alialshehriars-projects/bithrah-app/6V5DeX91S6dkDSxFTog7ejYRpLi2 [3s]
Production: https://bithrah-k5oqfm17j-alialshehriars-projects.vercel.app [3s]
https://bithrah-k5oqfm17j-alialshehriars-projects.vercel.appQueued
Building
2025-11-20T13:59:30.108Z  Running build in Washington, D.C., USA (East) – iad1
2025-11-20T13:59:30.109Z  Build machine configuration: 4 cores, 8 GB
2025-11-20T13:59:30.256Z  Retrieving list of deployment files...
2025-11-20T13:59:30.842Z  Downloading 307 deployment files...
2025-11-20T13:59:32.563Z  Restored build cache from previous deployment (9ifyHaVUzKdBjRJDBjG1jEuWyL2i)
2025-11-20T13:59:33.414Z  Running "vercel build"
2025-11-20T13:59:33.815Z  Vercel CLI 48.10.3
2025-11-20T13:59:34.217Z  Detected `pnpm-lock.yaml` 9 which may be generated by pnpm@9.x or pnpm@10.x
2025-11-20T13:59:34.217Z  Using pnpm@10.x based on project creation date
2025-11-20T13:59:34.217Z  To use pnpm@9.x, manually opt in using corepack (https://vercel.com/docs/deployments/configure-a-build#corepack)
2025-11-20T13:59:34.225Z  Running "install" command: `pnpm install`...
2025-11-20T13:59:34.875Z  Lockfile is up to date, resolution step is skipped
2025-11-20T13:59:34.971Z  Progress: resolved 1, reused 0, downloaded 0, added 0
2025-11-20T13:59:35.060Z  Packages: +9
2025-11-20T13:59:35.060Z  +++++++++
2025-11-20T13:59:35.385Z  Progress: resolved 9, reused 0, downloaded 9, added 9, done
2025-11-20T13:59:35.708Z  
2025-11-20T13:59:35.708Z  dependencies:
2025-11-20T13:59:35.709Z  + resend 6.4.2
2025-11-20T13:59:35.709Z  
2025-11-20T13:59:35.709Z  ╭ Warning ─────────────────────────────────────────────────────────────────────╮
2025-11-20T13:59:35.709Z  │                                                                              │
2025-11-20T13:59:35.709Z  │   Ignored build scripts: esbuild, unrs-resolver.                             │
2025-11-20T13:59:35.709Z  │   Run "pnpm approve-builds" to pick which dependencies should be allowed     │
2025-11-20T13:59:35.710Z  │   to run scripts.                                                            │
2025-11-20T13:59:35.710Z  │                                                                              │
2025-11-20T13:59:35.710Z  ╰──────────────────────────────────────────────────────────────────────────────╯
2025-11-20T13:59:35.710Z  
2025-11-20T13:59:35.762Z  Done in 1.4s using pnpm v10.21.0
2025-11-20T13:59:35.775Z  Detected Next.js version: 14.2.5
2025-11-20T13:59:35.775Z  Running "pnpm build"
2025-11-20T13:59:36.085Z  
2025-11-20T13:59:36.085Z  > bithrah-app@1.0.1 build /vercel/path0
2025-11-20T13:59:36.085Z  > next build
2025-11-20T13:59:36.086Z  
2025-11-20T13:59:36.776Z    ▲ Next.js 14.2.5
2025-11-20T13:59:36.776Z  
2025-11-20T13:59:36.841Z     Creating an optimized production build ...
2025-11-20T13:59:52.224Z   ⚠ Compiled with warnings
2025-11-20T13:59:52.225Z  
2025-11-20T13:59:52.225Z  ./app/api/admin/clean-demo-data/route.ts
2025-11-20T13:59:52.225Z  Attempted import error: 'projectUpdates' is not exported from '@/lib/db/schema' (imported as 'projectUpdates').
2025-11-20T13:59:52.225Z  
2025-11-20T13:59:52.225Z  Import trace for requested module:
2025-11-20T13:59:52.225Z  ./app/api/admin/clean-demo-data/route.ts
2025-11-20T13:59:52.225Z  
2025-11-20T13:59:52.225Z  ./app/api/admin/clean-demo-data/route.ts
2025-11-20T13:59:52.225Z  Attempted import error: 'projectUpdates' is not exported from '@/lib/db/schema' (imported as 'projectUpdates').
2025-11-20T13:59:52.226Z  
2025-11-20T13:59:52.226Z  Import trace for requested module:
2025-11-20T13:59:52.226Z  ./app/api/admin/clean-demo-data/route.ts
2025-11-20T13:59:52.226Z  
2025-11-20T13:59:52.226Z  ./app/api/admin/clean-demo-data/route.ts
2025-11-20T13:59:52.226Z  Attempted import error: 'projectUpdates' is not exported from '@/lib/db/schema' (imported as 'projectUpdates').
2025-11-20T13:59:52.226Z  
2025-11-20T13:59:52.226Z  Import trace for requested module:
2025-11-20T13:59:52.226Z  ./app/api/admin/clean-demo-data/route.ts
2025-11-20T13:59:52.226Z  
2025-11-20T13:59:52.226Z  ./app/api/admin/clean-demo-data/route.ts
2025-11-20T13:59:52.226Z  Attempted import error: 'marketingCampaigns' is not exported from '@/lib/db/schema' (imported as 'marketingCampaigns').
2025-11-20T13:59:52.226Z  
2025-11-20T13:59:52.226Z  Import trace for requested module:
2025-11-20T13:59:52.226Z  ./app/api/admin/clean-demo-data/route.ts
2025-11-20T13:59:52.226Z  
2025-11-20T13:59:52.226Z  ./app/api/admin/clean-demo-data/route.ts
2025-11-20T13:59:52.227Z  Attempted import error: 'marketingCampaigns' is not exported from '@/lib/db/schema' (imported as 'marketingCampaigns').
2025-11-20T13:59:52.227Z  
2025-11-20T13:59:52.227Z  Import trace for requested module:
2025-11-20T13:59:52.227Z  ./app/api/admin/clean-demo-data/route.ts
2025-11-20T13:59:52.227Z  
2025-11-20T13:59:52.227Z  ./app/api/admin/clean-demo-data/route.ts
2025-11-20T13:59:52.227Z  Attempted import error: 'marketingCampaigns' is not exported from '@/lib/db/schema' (imported as 'marketingCampaigns').
2025-11-20T13:59:52.227Z  
2025-11-20T13:59:52.227Z  Import trace for requested module:
2025-11-20T13:59:52.227Z  ./app/api/admin/clean-demo-data/route.ts
2025-11-20T13:59:52.227Z  
2025-11-20T13:59:52.227Z  ./app/api/admin/clean-demo-data/route.ts
2025-11-20T13:59:52.228Z  Attempted import error: 'marketingCampaigns' is not exported from '@/lib/db/schema' (imported as 'marketingCampaigns').
2025-11-20T13:59:52.228Z  
2025-11-20T13:59:52.228Z  Import trace for requested module:
2025-11-20T13:59:52.228Z  ./app/api/admin/clean-demo-data/route.ts
2025-11-20T13:59:52.228Z  
2025-11-20T13:59:52.228Z  ./app/api/conversations/[conversationId]/messages/route.ts
2025-11-20T13:59:52.228Z  Attempted import error: 'getServerSession' is not exported from 'next-auth' (imported as 'getServerSession').
2025-11-20T13:59:52.228Z  
2025-11-20T13:59:52.228Z  Import trace for requested module:
2025-11-20T13:59:52.228Z  ./app/api/conversations/[conversationId]/messages/route.ts
2025-11-20T13:59:52.228Z  
2025-11-20T13:59:52.228Z  ./app/api/conversations/[conversationId]/messages/route.ts
2025-11-20T13:59:52.228Z  Attempted import error: 'authOptions' is not exported from '@/auth' (imported as 'authOptions').
2025-11-20T13:59:52.228Z  
2025-11-20T13:59:52.228Z  Import trace for requested module:
2025-11-20T13:59:52.229Z  ./app/api/conversations/[conversationId]/messages/route.ts
2025-11-20T13:59:52.229Z  
2025-11-20T13:59:52.229Z  ./app/api/conversations/[conversationId]/messages/route.ts
2025-11-20T13:59:52.229Z  Attempted import error: 'getServerSession' is not exported from 'next-auth' (imported as 'getServerSession').
2025-11-20T13:59:52.229Z  
2025-11-20T13:59:52.229Z  Import trace for requested module:
2025-11-20T13:59:52.229Z  ./app/api/conversations/[conversationId]/messages/route.ts
2025-11-20T13:59:52.229Z  
2025-11-20T13:59:52.229Z  ./app/api/conversations/[conversationId]/messages/route.ts
2025-11-20T13:59:52.229Z  Attempted import error: 'authOptions' is not exported from '@/auth' (imported as 'authOptions').
2025-11-20T13:59:52.229Z  
2025-11-20T13:59:52.229Z  Import trace for requested module:
2025-11-20T13:59:52.229Z  ./app/api/conversations/[conversationId]/messages/route.ts
2025-11-20T13:59:52.230Z  
2025-11-20T13:59:52.230Z  ./app/api/conversations/route.ts
2025-11-20T13:59:52.230Z  Attempted import error: 'getServerSession' is not exported from 'next-auth' (imported as 'getServerSession').
2025-11-20T13:59:52.230Z  
2025-11-20T13:59:52.230Z  Import trace for requested module:
2025-11-20T13:59:52.230Z  ./app/api/conversations/route.ts
2025-11-20T13:59:52.233Z  
2025-11-20T13:59:52.233Z  ./app/api/conversations/route.ts
2025-11-20T13:59:52.233Z  Attempted import error: 'authOptions' is not exported from '@/auth' (imported as 'authOptions').
2025-11-20T13:59:52.234Z  
2025-11-20T13:59:52.234Z  Import trace for requested module:
2025-11-20T13:59:52.234Z  ./app/api/conversations/route.ts
2025-11-20T13:59:52.234Z  
2025-11-20T13:59:52.234Z  ./app/api/conversations/route.ts
2025-11-20T13:59:52.234Z  Attempted import error: 'getServerSession' is not exported from 'next-auth' (imported as 'getServerSession').
2025-11-20T13:59:52.234Z  
2025-11-20T13:59:52.234Z  Import trace for requested module:
2025-11-20T13:59:52.234Z  ./app/api/conversations/route.ts
2025-11-20T13:59:52.234Z  
2025-11-20T13:59:52.234Z  ./app/api/conversations/route.ts
2025-11-20T13:59:52.234Z  Attempted import error: 'authOptions' is not exported from '@/auth' (imported as 'authOptions').
2025-11-20T13:59:52.234Z  
2025-11-20T13:59:52.234Z  Import trace for requested module:
2025-11-20T13:59:52.234Z  ./app/api/conversations/route.ts
2025-11-20T13:59:52.234Z  
2025-11-20T13:59:52.234Z  ./app/api/users/[userId]/follow/route.ts
2025-11-20T13:59:52.234Z  Attempted import error: 'getServerSession' is not exported from 'next-auth' (imported as 'getServerSession').
2025-11-20T13:59:52.234Z  
2025-11-20T13:59:52.234Z  Import trace for requested module:
2025-11-20T13:59:52.234Z  ./app/api/users/[userId]/follow/route.ts
2025-11-20T13:59:52.234Z  
2025-11-20T13:59:52.235Z  ./app/api/users/[userId]/follow/route.ts
2025-11-20T13:59:52.235Z  Attempted import error: 'authOptions' is not exported from '@/auth' (imported as 'authOptions').
2025-11-20T13:59:52.235Z  
2025-11-20T13:59:52.235Z  Import trace for requested module:
2025-11-20T13:59:52.235Z  ./app/api/users/[userId]/follow/route.ts
2025-11-20T13:59:52.235Z  
2025-11-20T13:59:52.235Z  ./app/api/users/[userId]/follow/route.ts
2025-11-20T13:59:52.235Z  Attempted import error: 'getServerSession' is not exported from 'next-auth' (imported as 'getServerSession').
2025-11-20T13:59:52.235Z  
2025-11-20T13:59:52.235Z  Import trace for requested module:
2025-11-20T13:59:52.235Z  ./app/api/users/[userId]/follow/route.ts
2025-11-20T13:59:52.235Z  
2025-11-20T13:59:52.235Z  ./app/api/users/[userId]/follow/route.ts
2025-11-20T13:59:52.235Z  Attempted import error: 'authOptions' is not exported from '@/auth' (imported as 'authOptions').
2025-11-20T13:59:52.235Z  
2025-11-20T13:59:52.235Z  Import trace for requested module:
2025-11-20T13:59:52.235Z  ./app/api/users/[userId]/follow/route.ts
2025-11-20T13:59:52.235Z  
2025-11-20T13:59:52.235Z  ./app/api/users/[userId]/follow/route.ts
2025-11-20T13:59:52.235Z  Attempted import error: 'getServerSession' is not exported from 'next-auth' (imported as 'getServerSession').
2025-11-20T13:59:52.235Z  
2025-11-20T13:59:52.235Z  Import trace for requested module:
2025-11-20T13:59:52.235Z  ./app/api/users/[userId]/follow/route.ts
2025-11-20T13:59:52.235Z  
2025-11-20T13:59:52.236Z  ./app/api/users/[userId]/follow/route.ts
2025-11-20T13:59:52.236Z  Attempted import error: 'authOptions' is not exported from '@/auth' (imported as 'authOptions').
2025-11-20T13:59:52.236Z  
2025-11-20T13:59:52.236Z  Import trace for requested module:
2025-11-20T13:59:52.236Z  ./app/api/users/[userId]/follow/route.ts
2025-11-20T13:59:52.236Z  
2025-11-20T14:00:04.488Z   ✓ Compiled successfully
2025-11-20T14:00:04.489Z     Linting and checking validity of types ...
2025-11-20T14:00:23.658Z  Failed to compile.
2025-11-20T14:00:23.658Z  
2025-11-20T14:00:23.659Z  ./app/api/admin/actions/route.ts:61:18
2025-11-20T14:00:23.659Z  Type error: Object literal may only specify known properties, and 'status' does not exist in type '{ email?: string | SQL<unknown> | PgColumn<ColumnBaseConfig<ColumnDataType, string>, {}, {}>; password?: string | SQL<unknown> | PgColumn<...>; }'.
2025-11-20T14:00:23.659Z  
2025-11-20T14:00:23.659Z  [0m [90m 59 |[39m       [36mcase[39m [32m'suspend_user'[39m[33m:[39m[0m
2025-11-20T14:00:23.659Z  [0m [90m 60 |[39m         [36mawait[39m db[33m.[39mupdate(users)[0m
2025-11-20T14:00:23.659Z  [0m[31m[1m>[22m[39m[90m 61 |[39m           [33m.[39m[36mset[39m({ status[33m:[39m [32m'suspended'[39m[33m,[39m updatedAt[33m:[39m [36mnew[39m [33mDate[39m() })[0m
2025-11-20T14:00:23.659Z  [0m [90m    |[39m                  [31m[1m^[22m[39m[0m
2025-11-20T14:00:23.659Z  [0m [90m 62 |[39m           [33m.[39mwhere(eq(users[33m.[39mid[33m,[39m targetId))[33m;[39m[0m
2025-11-20T14:00:23.659Z  [0m [90m 63 |[39m         result [33m=[39m { message[33m:[39m [32m'تم تعليق المستخدم'[39m }[33m;[39m[0m
2025-11-20T14:00:23.659Z  [0m [90m 64 |[39m         [36mbreak[39m[33m;[39m[0m
2025-11-20T14:00:23.727Z   ELIFECYCLE  Command failed with exit code 1.
2025-11-20T14:00:23.747Z  Error: Command "pnpm build" exited with 1
