Vercel CLI 48.8.2
Retrieving project…
Deploying alialshehriars-projects/bithrah-app
Uploading [--------------------] (0.0B/17.6KB)
Uploading [==============------] (12.9KB/17.6KB)
Uploading [====================] (17.6KB/17.6KB)
Inspect: https://vercel.com/alialshehriars-projects/bithrah-app/4RcpgQtWjKJ9qXJDLXpqq3HhriLK [2s]
Production: https://bithrah-kabddautj-alialshehriars-projects.vercel.app [2s]
https://bithrah-kabddautj-alialshehriars-projects.vercel.appQueued
Building
2025-11-20T13:57:56.542Z  Running build in Washington, D.C., USA (East) – iad1
2025-11-20T13:57:56.543Z  Build machine configuration: 4 cores, 8 GB
2025-11-20T13:57:56.692Z  Retrieving list of deployment files...
2025-11-20T13:57:57.250Z  Downloading 306 deployment files...
2025-11-20T13:57:58.995Z  Restored build cache from previous deployment (9ifyHaVUzKdBjRJDBjG1jEuWyL2i)
2025-11-20T13:57:59.833Z  Running "vercel build"
2025-11-20T13:58:00.235Z  Vercel CLI 48.10.3
2025-11-20T13:58:00.792Z  Detected `pnpm-lock.yaml` 9 which may be generated by pnpm@9.x or pnpm@10.x
2025-11-20T13:58:00.792Z  Using pnpm@10.x based on project creation date
2025-11-20T13:58:00.792Z  To use pnpm@9.x, manually opt in using corepack (https://vercel.com/docs/deployments/configure-a-build#corepack)
2025-11-20T13:58:00.798Z  Running "install" command: `pnpm install`...
2025-11-20T13:58:01.441Z  Lockfile is up to date, resolution step is skipped
2025-11-20T13:58:01.531Z  Progress: resolved 1, reused 0, downloaded 0, added 0
2025-11-20T13:58:01.569Z  Packages: +9
2025-11-20T13:58:01.569Z  +++++++++
2025-11-20T13:58:01.958Z  Progress: resolved 9, reused 0, downloaded 9, added 9, done
2025-11-20T13:58:02.269Z  
2025-11-20T13:58:02.269Z  dependencies:
2025-11-20T13:58:02.269Z  + resend 6.4.2
2025-11-20T13:58:02.269Z  
2025-11-20T13:58:02.269Z  ╭ Warning ─────────────────────────────────────────────────────────────────────╮
2025-11-20T13:58:02.270Z  │                                                                              │
2025-11-20T13:58:02.270Z  │   Ignored build scripts: esbuild, unrs-resolver.                             │
2025-11-20T13:58:02.270Z  │   Run "pnpm approve-builds" to pick which dependencies should be allowed     │
2025-11-20T13:58:02.270Z  │   to run scripts.                                                            │
2025-11-20T13:58:02.270Z  │                                                                              │
2025-11-20T13:58:02.270Z  ╰──────────────────────────────────────────────────────────────────────────────╯
2025-11-20T13:58:02.270Z  
2025-11-20T13:58:02.320Z  Done in 1.4s using pnpm v10.21.0
2025-11-20T13:58:02.332Z  Detected Next.js version: 14.2.5
2025-11-20T13:58:02.333Z  Running "pnpm build"
2025-11-20T13:58:02.636Z  
2025-11-20T13:58:02.636Z  > bithrah-app@1.0.1 build /vercel/path0
2025-11-20T13:58:02.636Z  > next build
2025-11-20T13:58:02.637Z  
2025-11-20T13:58:03.340Z    ▲ Next.js 14.2.5
2025-11-20T13:58:03.340Z  
2025-11-20T13:58:03.422Z     Creating an optimized production build ...
2025-11-20T13:58:18.391Z   ⚠ Compiled with warnings
2025-11-20T13:58:18.391Z  
2025-11-20T13:58:18.392Z  ./app/api/admin/clean-demo-data/route.ts
2025-11-20T13:58:18.392Z  Attempted import error: 'projectUpdates' is not exported from '@/lib/db/schema' (imported as 'projectUpdates').
2025-11-20T13:58:18.392Z  
2025-11-20T13:58:18.392Z  Import trace for requested module:
2025-11-20T13:58:18.392Z  ./app/api/admin/clean-demo-data/route.ts
2025-11-20T13:58:18.392Z  
2025-11-20T13:58:18.392Z  ./app/api/admin/clean-demo-data/route.ts
2025-11-20T13:58:18.392Z  Attempted import error: 'projectUpdates' is not exported from '@/lib/db/schema' (imported as 'projectUpdates').
2025-11-20T13:58:18.392Z  
2025-11-20T13:58:18.392Z  Import trace for requested module:
2025-11-20T13:58:18.392Z  ./app/api/admin/clean-demo-data/route.ts
2025-11-20T13:58:18.392Z  
2025-11-20T13:58:18.392Z  ./app/api/admin/clean-demo-data/route.ts
2025-11-20T13:58:18.393Z  Attempted import error: 'projectUpdates' is not exported from '@/lib/db/schema' (imported as 'projectUpdates').
2025-11-20T13:58:18.393Z  
2025-11-20T13:58:18.393Z  Import trace for requested module:
2025-11-20T13:58:18.393Z  ./app/api/admin/clean-demo-data/route.ts
2025-11-20T13:58:18.393Z  
2025-11-20T13:58:18.393Z  ./app/api/admin/clean-demo-data/route.ts
2025-11-20T13:58:18.393Z  Attempted import error: 'marketingCampaigns' is not exported from '@/lib/db/schema' (imported as 'marketingCampaigns').
2025-11-20T13:58:18.393Z  
2025-11-20T13:58:18.393Z  Import trace for requested module:
2025-11-20T13:58:18.393Z  ./app/api/admin/clean-demo-data/route.ts
2025-11-20T13:58:18.393Z  
2025-11-20T13:58:18.393Z  ./app/api/admin/clean-demo-data/route.ts
2025-11-20T13:58:18.393Z  Attempted import error: 'marketingCampaigns' is not exported from '@/lib/db/schema' (imported as 'marketingCampaigns').
2025-11-20T13:58:18.393Z  
2025-11-20T13:58:18.393Z  Import trace for requested module:
2025-11-20T13:58:18.393Z  ./app/api/admin/clean-demo-data/route.ts
2025-11-20T13:58:18.393Z  
2025-11-20T13:58:18.393Z  ./app/api/admin/clean-demo-data/route.ts
2025-11-20T13:58:18.394Z  Attempted import error: 'marketingCampaigns' is not exported from '@/lib/db/schema' (imported as 'marketingCampaigns').
2025-11-20T13:58:18.394Z  
2025-11-20T13:58:18.394Z  Import trace for requested module:
2025-11-20T13:58:18.394Z  ./app/api/admin/clean-demo-data/route.ts
2025-11-20T13:58:18.394Z  
2025-11-20T13:58:18.394Z  ./app/api/admin/clean-demo-data/route.ts
2025-11-20T13:58:18.394Z  Attempted import error: 'marketingCampaigns' is not exported from '@/lib/db/schema' (imported as 'marketingCampaigns').
2025-11-20T13:58:18.394Z  
2025-11-20T13:58:18.394Z  Import trace for requested module:
2025-11-20T13:58:18.394Z  ./app/api/admin/clean-demo-data/route.ts
2025-11-20T13:58:18.394Z  
2025-11-20T13:58:18.394Z  ./app/api/conversations/[conversationId]/messages/route.ts
2025-11-20T13:58:18.394Z  Attempted import error: 'getServerSession' is not exported from 'next-auth' (imported as 'getServerSession').
2025-11-20T13:58:18.394Z  
2025-11-20T13:58:18.394Z  Import trace for requested module:
2025-11-20T13:58:18.394Z  ./app/api/conversations/[conversationId]/messages/route.ts
2025-11-20T13:58:18.394Z  
2025-11-20T13:58:18.394Z  ./app/api/conversations/[conversationId]/messages/route.ts
2025-11-20T13:58:18.395Z  Attempted import error: 'authOptions' is not exported from '@/auth' (imported as 'authOptions').
2025-11-20T13:58:18.395Z  
2025-11-20T13:58:18.395Z  Import trace for requested module:
2025-11-20T13:58:18.395Z  ./app/api/conversations/[conversationId]/messages/route.ts
2025-11-20T13:58:18.395Z  
2025-11-20T13:58:18.395Z  ./app/api/conversations/[conversationId]/messages/route.ts
2025-11-20T13:58:18.395Z  Attempted import error: 'getServerSession' is not exported from 'next-auth' (imported as 'getServerSession').
2025-11-20T13:58:18.395Z  
2025-11-20T13:58:18.395Z  Import trace for requested module:
2025-11-20T13:58:18.395Z  ./app/api/conversations/[conversationId]/messages/route.ts
2025-11-20T13:58:18.395Z  
2025-11-20T13:58:18.395Z  ./app/api/conversations/[conversationId]/messages/route.ts
2025-11-20T13:58:18.395Z  Attempted import error: 'authOptions' is not exported from '@/auth' (imported as 'authOptions').
2025-11-20T13:58:18.395Z  
2025-11-20T13:58:18.395Z  Import trace for requested module:
2025-11-20T13:58:18.395Z  ./app/api/conversations/[conversationId]/messages/route.ts
2025-11-20T13:58:18.395Z  
2025-11-20T13:58:18.395Z  ./app/api/conversations/route.ts
2025-11-20T13:58:18.395Z  Attempted import error: 'getServerSession' is not exported from 'next-auth' (imported as 'getServerSession').
2025-11-20T13:58:18.399Z  
2025-11-20T13:58:18.399Z  Import trace for requested module:
2025-11-20T13:58:18.399Z  ./app/api/conversations/route.ts
2025-11-20T13:58:18.399Z  
2025-11-20T13:58:18.399Z  ./app/api/conversations/route.ts
2025-11-20T13:58:18.399Z  Attempted import error: 'authOptions' is not exported from '@/auth' (imported as 'authOptions').
2025-11-20T13:58:18.399Z  
2025-11-20T13:58:18.399Z  Import trace for requested module:
2025-11-20T13:58:18.399Z  ./app/api/conversations/route.ts
2025-11-20T13:58:18.399Z  
2025-11-20T13:58:18.399Z  ./app/api/conversations/route.ts
2025-11-20T13:58:18.399Z  Attempted import error: 'getServerSession' is not exported from 'next-auth' (imported as 'getServerSession').
2025-11-20T13:58:18.400Z  
2025-11-20T13:58:18.400Z  Import trace for requested module:
2025-11-20T13:58:18.400Z  ./app/api/conversations/route.ts
2025-11-20T13:58:18.400Z  
2025-11-20T13:58:18.400Z  ./app/api/conversations/route.ts
2025-11-20T13:58:18.400Z  Attempted import error: 'authOptions' is not exported from '@/auth' (imported as 'authOptions').
2025-11-20T13:58:18.400Z  
2025-11-20T13:58:18.400Z  Import trace for requested module:
2025-11-20T13:58:18.400Z  ./app/api/conversations/route.ts
2025-11-20T13:58:18.400Z  
2025-11-20T13:58:18.400Z  ./app/api/users/[userId]/follow/route.ts
2025-11-20T13:58:18.400Z  Attempted import error: 'getServerSession' is not exported from 'next-auth' (imported as 'getServerSession').
2025-11-20T13:58:18.400Z  
2025-11-20T13:58:18.400Z  Import trace for requested module:
2025-11-20T13:58:18.400Z  ./app/api/users/[userId]/follow/route.ts
2025-11-20T13:58:18.400Z  
2025-11-20T13:58:18.401Z  ./app/api/users/[userId]/follow/route.ts
2025-11-20T13:58:18.401Z  Attempted import error: 'authOptions' is not exported from '@/auth' (imported as 'authOptions').
2025-11-20T13:58:18.401Z  
2025-11-20T13:58:18.401Z  Import trace for requested module:
2025-11-20T13:58:18.401Z  ./app/api/users/[userId]/follow/route.ts
2025-11-20T13:58:18.401Z  
2025-11-20T13:58:18.401Z  ./app/api/users/[userId]/follow/route.ts
2025-11-20T13:58:18.401Z  Attempted import error: 'getServerSession' is not exported from 'next-auth' (imported as 'getServerSession').
2025-11-20T13:58:18.401Z  
2025-11-20T13:58:18.401Z  Import trace for requested module:
2025-11-20T13:58:18.401Z  ./app/api/users/[userId]/follow/route.ts
2025-11-20T13:58:18.401Z  
2025-11-20T13:58:18.402Z  ./app/api/users/[userId]/follow/route.ts
2025-11-20T13:58:18.402Z  Attempted import error: 'authOptions' is not exported from '@/auth' (imported as 'authOptions').
2025-11-20T13:58:18.402Z  
2025-11-20T13:58:18.402Z  Import trace for requested module:
2025-11-20T13:58:18.402Z  ./app/api/users/[userId]/follow/route.ts
2025-11-20T13:58:18.402Z  
2025-11-20T13:58:18.402Z  ./app/api/users/[userId]/follow/route.ts
2025-11-20T13:58:18.402Z  Attempted import error: 'getServerSession' is not exported from 'next-auth' (imported as 'getServerSession').
2025-11-20T13:58:18.402Z  
2025-11-20T13:58:18.402Z  Import trace for requested module:
2025-11-20T13:58:18.402Z  ./app/api/users/[userId]/follow/route.ts
2025-11-20T13:58:18.402Z  
2025-11-20T13:58:18.402Z  ./app/api/users/[userId]/follow/route.ts
2025-11-20T13:58:18.402Z  Attempted import error: 'authOptions' is not exported from '@/auth' (imported as 'authOptions').
2025-11-20T13:58:18.402Z  
2025-11-20T13:58:18.402Z  Import trace for requested module:
2025-11-20T13:58:18.403Z  ./app/api/users/[userId]/follow/route.ts
2025-11-20T13:58:18.403Z  
2025-11-20T13:58:30.652Z   ✓ Compiled successfully
2025-11-20T13:58:30.652Z     Linting and checking validity of types ...
2025-11-20T13:58:49.479Z  Failed to compile.
2025-11-20T13:58:49.479Z  
2025-11-20T13:58:49.479Z  ./app/api/admin/actions/route.ts:48:18
2025-11-20T13:58:49.480Z  Type error: Object literal may only specify known properties, and 'status' does not exist in type '{ creatorId?: number | SQL<unknown> | PgColumn<ColumnBaseConfig<ColumnDataType, string>, {}, {}>; title?: string | SQL<unknown> | PgColumn<...>; fundingGoal?: string | ... 1 more ... | PgColumn<...>; }'.
2025-11-20T13:58:49.480Z  
2025-11-20T13:58:49.480Z  [0m [90m 46 |[39m         [90m// @ts-ignore - status field exists in database[39m[0m
2025-11-20T13:58:49.480Z  [0m [90m 47 |[39m         [36mawait[39m db[33m.[39mupdate(projects)[0m
2025-11-20T13:58:49.480Z  [0m[31m[1m>[22m[39m[90m 48 |[39m           [33m.[39m[36mset[39m({ status[33m:[39m [32m'active'[39m })[0m
2025-11-20T13:58:49.480Z  [0m [90m    |[39m                  [31m[1m^[22m[39m[0m
2025-11-20T13:58:49.480Z  [0m [90m 49 |[39m           [33m.[39mwhere(eq(projects[33m.[39mid[33m,[39m targetId))[33m;[39m[0m
2025-11-20T13:58:49.480Z  [0m [90m 50 |[39m         result [33m=[39m { message[33m:[39m [32m'تم الموافقة على المشروع'[39m }[33m;[39m[0m
2025-11-20T13:58:49.480Z  [0m [90m 51 |[39m         [36mbreak[39m[33m;[39m[0m
2025-11-20T13:58:49.546Z   ELIFECYCLE  Command failed with exit code 1.
2025-11-20T13:58:49.565Z  Error: Command "pnpm build" exited with 1
