Vercel CLI 48.8.2
Retrieving project…
Deploying alialshehriars-projects/bithrah-app
Uploading [--------------------] (0.0B/86B)
Uploading [====================] (86.0B/86B)
Inspect: https://vercel.com/alialshehriars-projects/bithrah-app/FSJ9tKAgSUXDnSVN85Y671XKy2d3 [3s]
Production: https://bithrah-e61sxxq60-alialshehriars-projects.vercel.app [3s]
https://bithrah-e61sxxq60-alialshehriars-projects.vercel.appQueued
Building
2025-11-20T13:54:44.328Z  Running build in Washington, D.C., USA (East) – iad1
2025-11-20T13:54:44.329Z  Build machine configuration: 4 cores, 8 GB
2025-11-20T13:54:44.438Z  Retrieving list of deployment files...
2025-11-20T13:54:44.948Z  Downloading 305 deployment files...
2025-11-20T13:54:47.002Z  Restored build cache from previous deployment (9ifyHaVUzKdBjRJDBjG1jEuWyL2i)
2025-11-20T13:54:47.888Z  Running "vercel build"
2025-11-20T13:54:48.308Z  Vercel CLI 48.10.3
2025-11-20T13:54:48.735Z  Detected `pnpm-lock.yaml` 9 which may be generated by pnpm@9.x or pnpm@10.x
2025-11-20T13:54:48.735Z  Using pnpm@10.x based on project creation date
2025-11-20T13:54:48.735Z  To use pnpm@9.x, manually opt in using corepack (https://vercel.com/docs/deployments/configure-a-build#corepack)
2025-11-20T13:54:48.741Z  Running "install" command: `pnpm install`...
2025-11-20T13:54:49.429Z  Lockfile is up to date, resolution step is skipped
2025-11-20T13:54:49.503Z  Progress: resolved 1, reused 0, downloaded 0, added 0
2025-11-20T13:54:49.554Z  Packages: +9
2025-11-20T13:54:49.555Z  +++++++++
2025-11-20T13:54:49.946Z  Progress: resolved 9, reused 0, downloaded 9, added 9, done
2025-11-20T13:54:50.282Z  
2025-11-20T13:54:50.283Z  dependencies:
2025-11-20T13:54:50.283Z  + resend 6.4.2
2025-11-20T13:54:50.283Z  
2025-11-20T13:54:50.283Z  ╭ Warning ─────────────────────────────────────────────────────────────────────╮
2025-11-20T13:54:50.283Z  │                                                                              │
2025-11-20T13:54:50.284Z  │   Ignored build scripts: esbuild, unrs-resolver.                             │
2025-11-20T13:54:50.284Z  │   Run "pnpm approve-builds" to pick which dependencies should be allowed     │
2025-11-20T13:54:50.284Z  │   to run scripts.                                                            │
2025-11-20T13:54:50.284Z  │                                                                              │
2025-11-20T13:54:50.284Z  ╰──────────────────────────────────────────────────────────────────────────────╯
2025-11-20T13:54:50.284Z  
2025-11-20T13:54:50.334Z  Done in 1.4s using pnpm v10.21.0
2025-11-20T13:54:50.348Z  Detected Next.js version: 14.2.5
2025-11-20T13:54:50.348Z  Running "pnpm build"
2025-11-20T13:54:50.666Z  
2025-11-20T13:54:50.667Z  > bithrah-app@1.0.1 build /vercel/path0
2025-11-20T13:54:50.667Z  > next build
2025-11-20T13:54:50.667Z  
2025-11-20T13:54:51.377Z    ▲ Next.js 14.2.5
2025-11-20T13:54:51.377Z  
2025-11-20T13:54:51.445Z     Creating an optimized production build ...
2025-11-20T13:55:06.838Z   ⚠ Compiled with warnings
2025-11-20T13:55:06.838Z  
2025-11-20T13:55:06.839Z  ./app/api/admin/clean-demo-data/route.ts
2025-11-20T13:55:06.839Z  Attempted import error: 'projectUpdates' is not exported from '@/lib/db/schema' (imported as 'projectUpdates').
2025-11-20T13:55:06.839Z  
2025-11-20T13:55:06.839Z  Import trace for requested module:
2025-11-20T13:55:06.839Z  ./app/api/admin/clean-demo-data/route.ts
2025-11-20T13:55:06.839Z  
2025-11-20T13:55:06.839Z  ./app/api/admin/clean-demo-data/route.ts
2025-11-20T13:55:06.839Z  Attempted import error: 'projectUpdates' is not exported from '@/lib/db/schema' (imported as 'projectUpdates').
2025-11-20T13:55:06.839Z  
2025-11-20T13:55:06.839Z  Import trace for requested module:
2025-11-20T13:55:06.839Z  ./app/api/admin/clean-demo-data/route.ts
2025-11-20T13:55:06.839Z  
2025-11-20T13:55:06.840Z  ./app/api/admin/clean-demo-data/route.ts
2025-11-20T13:55:06.840Z  Attempted import error: 'projectUpdates' is not exported from '@/lib/db/schema' (imported as 'projectUpdates').
2025-11-20T13:55:06.840Z  
2025-11-20T13:55:06.840Z  Import trace for requested module:
2025-11-20T13:55:06.840Z  ./app/api/admin/clean-demo-data/route.ts
2025-11-20T13:55:06.840Z  
2025-11-20T13:55:06.840Z  ./app/api/admin/clean-demo-data/route.ts
2025-11-20T13:55:06.840Z  Attempted import error: 'marketingCampaigns' is not exported from '@/lib/db/schema' (imported as 'marketingCampaigns').
2025-11-20T13:55:06.840Z  
2025-11-20T13:55:06.840Z  Import trace for requested module:
2025-11-20T13:55:06.840Z  ./app/api/admin/clean-demo-data/route.ts
2025-11-20T13:55:06.840Z  
2025-11-20T13:55:06.840Z  ./app/api/admin/clean-demo-data/route.ts
2025-11-20T13:55:06.840Z  Attempted import error: 'marketingCampaigns' is not exported from '@/lib/db/schema' (imported as 'marketingCampaigns').
2025-11-20T13:55:06.840Z  
2025-11-20T13:55:06.840Z  Import trace for requested module:
2025-11-20T13:55:06.840Z  ./app/api/admin/clean-demo-data/route.ts
2025-11-20T13:55:06.840Z  
2025-11-20T13:55:06.841Z  ./app/api/admin/clean-demo-data/route.ts
2025-11-20T13:55:06.841Z  Attempted import error: 'marketingCampaigns' is not exported from '@/lib/db/schema' (imported as 'marketingCampaigns').
2025-11-20T13:55:06.841Z  
2025-11-20T13:55:06.841Z  Import trace for requested module:
2025-11-20T13:55:06.841Z  ./app/api/admin/clean-demo-data/route.ts
2025-11-20T13:55:06.841Z  
2025-11-20T13:55:06.841Z  ./app/api/admin/clean-demo-data/route.ts
2025-11-20T13:55:06.841Z  Attempted import error: 'marketingCampaigns' is not exported from '@/lib/db/schema' (imported as 'marketingCampaigns').
2025-11-20T13:55:06.841Z  
2025-11-20T13:55:06.841Z  Import trace for requested module:
2025-11-20T13:55:06.841Z  ./app/api/admin/clean-demo-data/route.ts
2025-11-20T13:55:06.841Z  
2025-11-20T13:55:06.841Z  ./app/api/conversations/[conversationId]/messages/route.ts
2025-11-20T13:55:06.841Z  Attempted import error: 'getServerSession' is not exported from 'next-auth' (imported as 'getServerSession').
2025-11-20T13:55:06.841Z  
2025-11-20T13:55:06.841Z  Import trace for requested module:
2025-11-20T13:55:06.841Z  ./app/api/conversations/[conversationId]/messages/route.ts
2025-11-20T13:55:06.841Z  
2025-11-20T13:55:06.841Z  ./app/api/conversations/[conversationId]/messages/route.ts
2025-11-20T13:55:06.842Z  Attempted import error: 'authOptions' is not exported from '@/auth' (imported as 'authOptions').
2025-11-20T13:55:06.842Z  
2025-11-20T13:55:06.842Z  Import trace for requested module:
2025-11-20T13:55:06.842Z  ./app/api/conversations/[conversationId]/messages/route.ts
2025-11-20T13:55:06.842Z  
2025-11-20T13:55:06.842Z  ./app/api/conversations/[conversationId]/messages/route.ts
2025-11-20T13:55:06.842Z  Attempted import error: 'getServerSession' is not exported from 'next-auth' (imported as 'getServerSession').
2025-11-20T13:55:06.842Z  
2025-11-20T13:55:06.842Z  Import trace for requested module:
2025-11-20T13:55:06.843Z  ./app/api/conversations/[conversationId]/messages/route.ts
2025-11-20T13:55:06.843Z  
2025-11-20T13:55:06.843Z  ./app/api/conversations/[conversationId]/messages/route.ts
2025-11-20T13:55:06.843Z  Attempted import error: 'authOptions' is not exported from '@/auth' (imported as 'authOptions').
2025-11-20T13:55:06.843Z  
2025-11-20T13:55:06.843Z  Import trace for requested module:
2025-11-20T13:55:06.843Z  ./app/api/conversations/[conversationId]/messages/route.ts
2025-11-20T13:55:06.844Z  
2025-11-20T13:55:06.844Z  ./app/api/conversations/route.ts
2025-11-20T13:55:06.844Z  Attempted import error: 'getServerSession' is not exported from 'next-auth' (imported as 'getServerSession').
2025-11-20T13:55:06.844Z  
2025-11-20T13:55:06.845Z  Import trace for requested module:
2025-11-20T13:55:06.845Z  ./app/api/conversations/route.ts
2025-11-20T13:55:06.845Z  
2025-11-20T13:55:06.845Z  ./app/api/conversations/route.ts
2025-11-20T13:55:06.845Z  Attempted import error: 'authOptions' is not exported from '@/auth' (imported as 'authOptions').
2025-11-20T13:55:06.845Z  
2025-11-20T13:55:06.845Z  Import trace for requested module:
2025-11-20T13:55:06.845Z  ./app/api/conversations/route.ts
2025-11-20T13:55:06.845Z  
2025-11-20T13:55:06.846Z  ./app/api/conversations/route.ts
2025-11-20T13:55:06.846Z  Attempted import error: 'getServerSession' is not exported from 'next-auth' (imported as 'getServerSession').
2025-11-20T13:55:06.846Z  
2025-11-20T13:55:06.846Z  Import trace for requested module:
2025-11-20T13:55:06.846Z  ./app/api/conversations/route.ts
2025-11-20T13:55:06.846Z  
2025-11-20T13:55:06.846Z  ./app/api/conversations/route.ts
2025-11-20T13:55:06.847Z  Attempted import error: 'authOptions' is not exported from '@/auth' (imported as 'authOptions').
2025-11-20T13:55:06.847Z  
2025-11-20T13:55:06.847Z  Import trace for requested module:
2025-11-20T13:55:06.847Z  ./app/api/conversations/route.ts
2025-11-20T13:55:06.847Z  
2025-11-20T13:55:06.847Z  ./app/api/users/[userId]/follow/route.ts
2025-11-20T13:55:06.847Z  Attempted import error: 'getServerSession' is not exported from 'next-auth' (imported as 'getServerSession').
2025-11-20T13:55:06.847Z  
2025-11-20T13:55:06.847Z  Import trace for requested module:
2025-11-20T13:55:06.847Z  ./app/api/users/[userId]/follow/route.ts
2025-11-20T13:55:06.847Z  
2025-11-20T13:55:06.848Z  ./app/api/users/[userId]/follow/route.ts
2025-11-20T13:55:06.848Z  Attempted import error: 'authOptions' is not exported from '@/auth' (imported as 'authOptions').
2025-11-20T13:55:06.848Z  
2025-11-20T13:55:06.848Z  Import trace for requested module:
2025-11-20T13:55:06.848Z  ./app/api/users/[userId]/follow/route.ts
2025-11-20T13:55:06.848Z  
2025-11-20T13:55:06.848Z  ./app/api/users/[userId]/follow/route.ts
2025-11-20T13:55:06.848Z  Attempted import error: 'getServerSession' is not exported from 'next-auth' (imported as 'getServerSession').
2025-11-20T13:55:06.848Z  
2025-11-20T13:55:06.848Z  Import trace for requested module:
2025-11-20T13:55:06.848Z  ./app/api/users/[userId]/follow/route.ts
2025-11-20T13:55:06.848Z  
2025-11-20T13:55:06.848Z  ./app/api/users/[userId]/follow/route.ts
2025-11-20T13:55:06.849Z  Attempted import error: 'authOptions' is not exported from '@/auth' (imported as 'authOptions').
2025-11-20T13:55:06.849Z  
2025-11-20T13:55:06.849Z  Import trace for requested module:
2025-11-20T13:55:06.849Z  ./app/api/users/[userId]/follow/route.ts
2025-11-20T13:55:06.849Z  
2025-11-20T13:55:06.849Z  ./app/api/users/[userId]/follow/route.ts
2025-11-20T13:55:06.849Z  Attempted import error: 'getServerSession' is not exported from 'next-auth' (imported as 'getServerSession').
2025-11-20T13:55:06.849Z  
2025-11-20T13:55:06.849Z  Import trace for requested module:
2025-11-20T13:55:06.849Z  ./app/api/users/[userId]/follow/route.ts
2025-11-20T13:55:06.849Z  
2025-11-20T13:55:06.849Z  ./app/api/users/[userId]/follow/route.ts
2025-11-20T13:55:06.850Z  Attempted import error: 'authOptions' is not exported from '@/auth' (imported as 'authOptions').
2025-11-20T13:55:06.850Z  
2025-11-20T13:55:06.850Z  Import trace for requested module:
2025-11-20T13:55:06.850Z  ./app/api/users/[userId]/follow/route.ts
2025-11-20T13:55:06.850Z  
2025-11-20T13:55:19.744Z   ✓ Compiled successfully
2025-11-20T13:55:19.745Z     Linting and checking validity of types ...
2025-11-20T13:55:39.030Z  Failed to compile.
2025-11-20T13:55:39.030Z  
2025-11-20T13:55:39.030Z  ./app/api/admin/actions/route.ts:47:18
2025-11-20T13:55:39.031Z  Type error: Object literal may only specify known properties, and 'status' does not exist in type '{ creatorId?: number | SQL<unknown> | PgColumn<ColumnBaseConfig<ColumnDataType, string>, {}, {}>; title?: string | SQL<unknown> | PgColumn<...>; fundingGoal?: string | ... 1 more ... | PgColumn<...>; }'.
2025-11-20T13:55:39.031Z  
2025-11-20T13:55:39.031Z  [0m [90m 45 |[39m       [36mcase[39m [32m'approve_project'[39m[33m:[39m[0m
2025-11-20T13:55:39.031Z  [0m [90m 46 |[39m         [36mawait[39m db[33m.[39mupdate(projects)[0m
2025-11-20T13:55:39.031Z  [0m[31m[1m>[22m[39m[90m 47 |[39m           [33m.[39m[36mset[39m({ status[33m:[39m [32m'active'[39m[33m,[39m updatedAt[33m:[39m [36mnew[39m [33mDate[39m() })[0m
2025-11-20T13:55:39.031Z  [0m [90m    |[39m                  [31m[1m^[22m[39m[0m
2025-11-20T13:55:39.031Z  [0m [90m 48 |[39m           [33m.[39mwhere(eq(projects[33m.[39mid[33m,[39m targetId))[33m;[39m[0m
2025-11-20T13:55:39.031Z  [0m [90m 49 |[39m         result [33m=[39m { message[33m:[39m [32m'تم الموافقة على المشروع'[39m }[33m;[39m[0m
2025-11-20T13:55:39.031Z  [0m [90m 50 |[39m         [36mbreak[39m[33m;[39m[0m
2025-11-20T13:55:39.101Z   ELIFECYCLE  Command failed with exit code 1.
2025-11-20T13:55:39.123Z  Error: Command "pnpm build" exited with 1
