Vercel CLI 48.8.2
Retrieving project…
Deploying alialshehriars-projects/bithrah-app
Uploading [--------------------] (0.0B/17.3KB)
Uploading [==============------] (12.8KB/17.3KB)
Uploading [====================] (17.3KB/17.3KB)
Inspect: https://vercel.com/alialshehriars-projects/bithrah-app/Fb6fdCzy5y8VvWQsyXf6ATqfw1bT [3s]
Production: https://bithrah-d2eni5scj-alialshehriars-projects.vercel.app [3s]
https://bithrah-d2eni5scj-alialshehriars-projects.vercel.appQueued
Building
2025-11-20T14:01:16.033Z  Running build in Washington, D.C., USA (East) – iad1
2025-11-20T14:01:16.034Z  Build machine configuration: 4 cores, 8 GB
2025-11-20T14:01:16.210Z  Retrieving list of deployment files...
2025-11-20T14:01:16.760Z  Downloading 308 deployment files...
2025-11-20T14:01:18.980Z  Restored build cache from previous deployment (9ifyHaVUzKdBjRJDBjG1jEuWyL2i)
2025-11-20T14:01:19.890Z  Running "vercel build"
2025-11-20T14:01:20.316Z  Vercel CLI 48.10.3
2025-11-20T14:01:20.739Z  Detected `pnpm-lock.yaml` 9 which may be generated by pnpm@9.x or pnpm@10.x
2025-11-20T14:01:20.739Z  Using pnpm@10.x based on project creation date
2025-11-20T14:01:20.739Z  To use pnpm@9.x, manually opt in using corepack (https://vercel.com/docs/deployments/configure-a-build#corepack)
2025-11-20T14:01:20.744Z  Running "install" command: `pnpm install`...
2025-11-20T14:01:21.705Z  Lockfile is up to date, resolution step is skipped
2025-11-20T14:01:21.783Z  Progress: resolved 1, reused 0, downloaded 0, added 0
2025-11-20T14:01:21.831Z  Packages: +9
2025-11-20T14:01:21.832Z  +++++++++
2025-11-20T14:01:22.205Z  Progress: resolved 9, reused 0, downloaded 9, added 9, done
2025-11-20T14:01:22.526Z  
2025-11-20T14:01:22.526Z  dependencies:
2025-11-20T14:01:22.526Z  + resend 6.4.2
2025-11-20T14:01:22.526Z  
2025-11-20T14:01:22.526Z  ╭ Warning ─────────────────────────────────────────────────────────────────────╮
2025-11-20T14:01:22.527Z  │                                                                              │
2025-11-20T14:01:22.527Z  │   Ignored build scripts: esbuild, unrs-resolver.                             │
2025-11-20T14:01:22.527Z  │   Run "pnpm approve-builds" to pick which dependencies should be allowed     │
2025-11-20T14:01:22.527Z  │   to run scripts.                                                            │
2025-11-20T14:01:22.527Z  │                                                                              │
2025-11-20T14:01:22.527Z  ╰──────────────────────────────────────────────────────────────────────────────╯
2025-11-20T14:01:22.527Z  
2025-11-20T14:01:22.573Z  Done in 1.7s using pnpm v10.21.0
2025-11-20T14:01:22.586Z  Detected Next.js version: 14.2.5
2025-11-20T14:01:22.587Z  Running "pnpm build"
2025-11-20T14:01:22.893Z  
2025-11-20T14:01:22.893Z  > bithrah-app@1.0.1 build /vercel/path0
2025-11-20T14:01:22.894Z  > next build
2025-11-20T14:01:22.894Z  
2025-11-20T14:01:23.577Z    ▲ Next.js 14.2.5
2025-11-20T14:01:23.578Z  
2025-11-20T14:01:23.642Z     Creating an optimized production build ...
2025-11-20T14:01:39.897Z   ⚠ Compiled with warnings
2025-11-20T14:01:39.897Z  
2025-11-20T14:01:39.898Z  ./app/api/admin/clean-demo-data/route.ts
2025-11-20T14:01:39.898Z  Attempted import error: 'projectUpdates' is not exported from '@/lib/db/schema' (imported as 'projectUpdates').
2025-11-20T14:01:39.898Z  
2025-11-20T14:01:39.898Z  Import trace for requested module:
2025-11-20T14:01:39.898Z  ./app/api/admin/clean-demo-data/route.ts
2025-11-20T14:01:39.898Z  
2025-11-20T14:01:39.898Z  ./app/api/admin/clean-demo-data/route.ts
2025-11-20T14:01:39.898Z  Attempted import error: 'projectUpdates' is not exported from '@/lib/db/schema' (imported as 'projectUpdates').
2025-11-20T14:01:39.899Z  
2025-11-20T14:01:39.899Z  Import trace for requested module:
2025-11-20T14:01:39.899Z  ./app/api/admin/clean-demo-data/route.ts
2025-11-20T14:01:39.899Z  
2025-11-20T14:01:39.899Z  ./app/api/admin/clean-demo-data/route.ts
2025-11-20T14:01:39.899Z  Attempted import error: 'projectUpdates' is not exported from '@/lib/db/schema' (imported as 'projectUpdates').
2025-11-20T14:01:39.899Z  
2025-11-20T14:01:39.899Z  Import trace for requested module:
2025-11-20T14:01:39.899Z  ./app/api/admin/clean-demo-data/route.ts
2025-11-20T14:01:39.899Z  
2025-11-20T14:01:39.899Z  ./app/api/admin/clean-demo-data/route.ts
2025-11-20T14:01:39.899Z  Attempted import error: 'marketingCampaigns' is not exported from '@/lib/db/schema' (imported as 'marketingCampaigns').
2025-11-20T14:01:39.899Z  
2025-11-20T14:01:39.899Z  Import trace for requested module:
2025-11-20T14:01:39.900Z  ./app/api/admin/clean-demo-data/route.ts
2025-11-20T14:01:39.900Z  
2025-11-20T14:01:39.900Z  ./app/api/admin/clean-demo-data/route.ts
2025-11-20T14:01:39.900Z  Attempted import error: 'marketingCampaigns' is not exported from '@/lib/db/schema' (imported as 'marketingCampaigns').
2025-11-20T14:01:39.900Z  
2025-11-20T14:01:39.900Z  Import trace for requested module:
2025-11-20T14:01:39.900Z  ./app/api/admin/clean-demo-data/route.ts
2025-11-20T14:01:39.900Z  
2025-11-20T14:01:39.900Z  ./app/api/admin/clean-demo-data/route.ts
2025-11-20T14:01:39.900Z  Attempted import error: 'marketingCampaigns' is not exported from '@/lib/db/schema' (imported as 'marketingCampaigns').
2025-11-20T14:01:39.900Z  
2025-11-20T14:01:39.900Z  Import trace for requested module:
2025-11-20T14:01:39.900Z  ./app/api/admin/clean-demo-data/route.ts
2025-11-20T14:01:39.900Z  
2025-11-20T14:01:39.900Z  ./app/api/admin/clean-demo-data/route.ts
2025-11-20T14:01:39.901Z  Attempted import error: 'marketingCampaigns' is not exported from '@/lib/db/schema' (imported as 'marketingCampaigns').
2025-11-20T14:01:39.901Z  
2025-11-20T14:01:39.901Z  Import trace for requested module:
2025-11-20T14:01:39.901Z  ./app/api/admin/clean-demo-data/route.ts
2025-11-20T14:01:39.901Z  
2025-11-20T14:01:39.901Z  ./app/api/conversations/[conversationId]/messages/route.ts
2025-11-20T14:01:39.901Z  Attempted import error: 'getServerSession' is not exported from 'next-auth' (imported as 'getServerSession').
2025-11-20T14:01:39.901Z  
2025-11-20T14:01:39.901Z  Import trace for requested module:
2025-11-20T14:01:39.901Z  ./app/api/conversations/[conversationId]/messages/route.ts
2025-11-20T14:01:39.901Z  
2025-11-20T14:01:39.901Z  ./app/api/conversations/[conversationId]/messages/route.ts
2025-11-20T14:01:39.901Z  Attempted import error: 'authOptions' is not exported from '@/auth' (imported as 'authOptions').
2025-11-20T14:01:39.902Z  
2025-11-20T14:01:39.902Z  Import trace for requested module:
2025-11-20T14:01:39.902Z  ./app/api/conversations/[conversationId]/messages/route.ts
2025-11-20T14:01:39.902Z  
2025-11-20T14:01:39.902Z  ./app/api/conversations/[conversationId]/messages/route.ts
2025-11-20T14:01:39.902Z  Attempted import error: 'getServerSession' is not exported from 'next-auth' (imported as 'getServerSession').
2025-11-20T14:01:39.902Z  
2025-11-20T14:01:39.903Z  Import trace for requested module:
2025-11-20T14:01:39.904Z  ./app/api/conversations/[conversationId]/messages/route.ts
2025-11-20T14:01:39.904Z  
2025-11-20T14:01:39.904Z  ./app/api/conversations/[conversationId]/messages/route.ts
2025-11-20T14:01:39.904Z  Attempted import error: 'authOptions' is not exported from '@/auth' (imported as 'authOptions').
2025-11-20T14:01:39.904Z  
2025-11-20T14:01:39.904Z  Import trace for requested module:
2025-11-20T14:01:39.904Z  ./app/api/conversations/[conversationId]/messages/route.ts
2025-11-20T14:01:39.904Z  
2025-11-20T14:01:39.904Z  ./app/api/conversations/route.ts
2025-11-20T14:01:39.904Z  Attempted import error: 'getServerSession' is not exported from 'next-auth' (imported as 'getServerSession').
2025-11-20T14:01:39.904Z  
2025-11-20T14:01:39.904Z  Import trace for requested module:
2025-11-20T14:01:39.904Z  ./app/api/conversations/route.ts
2025-11-20T14:01:39.904Z  
2025-11-20T14:01:39.905Z  ./app/api/conversations/route.ts
2025-11-20T14:01:39.905Z  Attempted import error: 'authOptions' is not exported from '@/auth' (imported as 'authOptions').
2025-11-20T14:01:39.905Z  
2025-11-20T14:01:39.905Z  Import trace for requested module:
2025-11-20T14:01:39.905Z  ./app/api/conversations/route.ts
2025-11-20T14:01:39.905Z  
2025-11-20T14:01:39.905Z  ./app/api/conversations/route.ts
2025-11-20T14:01:39.905Z  Attempted import error: 'getServerSession' is not exported from 'next-auth' (imported as 'getServerSession').
2025-11-20T14:01:39.905Z  
2025-11-20T14:01:39.905Z  Import trace for requested module:
2025-11-20T14:01:39.905Z  ./app/api/conversations/route.ts
2025-11-20T14:01:39.905Z  
2025-11-20T14:01:39.905Z  ./app/api/conversations/route.ts
2025-11-20T14:01:39.905Z  Attempted import error: 'authOptions' is not exported from '@/auth' (imported as 'authOptions').
2025-11-20T14:01:39.905Z  
2025-11-20T14:01:39.906Z  Import trace for requested module:
2025-11-20T14:01:39.906Z  ./app/api/conversations/route.ts
2025-11-20T14:01:39.906Z  
2025-11-20T14:01:39.906Z  ./app/api/users/[userId]/follow/route.ts
2025-11-20T14:01:39.906Z  Attempted import error: 'getServerSession' is not exported from 'next-auth' (imported as 'getServerSession').
2025-11-20T14:01:39.906Z  
2025-11-20T14:01:39.906Z  Import trace for requested module:
2025-11-20T14:01:39.906Z  ./app/api/users/[userId]/follow/route.ts
2025-11-20T14:01:39.906Z  
2025-11-20T14:01:39.906Z  ./app/api/users/[userId]/follow/route.ts
2025-11-20T14:01:39.907Z  Attempted import error: 'authOptions' is not exported from '@/auth' (imported as 'authOptions').
2025-11-20T14:01:39.907Z  
2025-11-20T14:01:39.907Z  Import trace for requested module:
2025-11-20T14:01:39.907Z  ./app/api/users/[userId]/follow/route.ts
2025-11-20T14:01:39.907Z  
2025-11-20T14:01:39.907Z  ./app/api/users/[userId]/follow/route.ts
2025-11-20T14:01:39.907Z  Attempted import error: 'getServerSession' is not exported from 'next-auth' (imported as 'getServerSession').
2025-11-20T14:01:39.907Z  
2025-11-20T14:01:39.907Z  Import trace for requested module:
2025-11-20T14:01:39.908Z  ./app/api/users/[userId]/follow/route.ts
2025-11-20T14:01:39.908Z  
2025-11-20T14:01:39.908Z  ./app/api/users/[userId]/follow/route.ts
2025-11-20T14:01:39.908Z  Attempted import error: 'authOptions' is not exported from '@/auth' (imported as 'authOptions').
2025-11-20T14:01:39.908Z  
2025-11-20T14:01:39.908Z  Import trace for requested module:
2025-11-20T14:01:39.908Z  ./app/api/users/[userId]/follow/route.ts
2025-11-20T14:01:39.908Z  
2025-11-20T14:01:39.908Z  ./app/api/users/[userId]/follow/route.ts
2025-11-20T14:01:39.908Z  Attempted import error: 'getServerSession' is not exported from 'next-auth' (imported as 'getServerSession').
2025-11-20T14:01:39.908Z  
2025-11-20T14:01:39.909Z  Import trace for requested module:
2025-11-20T14:01:39.909Z  ./app/api/users/[userId]/follow/route.ts
2025-11-20T14:01:39.909Z  
2025-11-20T14:01:39.909Z  ./app/api/users/[userId]/follow/route.ts
2025-11-20T14:01:39.909Z  Attempted import error: 'authOptions' is not exported from '@/auth' (imported as 'authOptions').
2025-11-20T14:01:39.909Z  
2025-11-20T14:01:39.909Z  Import trace for requested module:
2025-11-20T14:01:39.909Z  ./app/api/users/[userId]/follow/route.ts
2025-11-20T14:01:39.909Z  
2025-11-20T14:01:52.519Z   ✓ Compiled successfully
2025-11-20T14:01:52.520Z     Linting and checking validity of types ...
2025-11-20T14:02:12.198Z  Failed to compile.
2025-11-20T14:02:12.199Z  
2025-11-20T14:02:12.199Z  ./app/api/admin/clean-demo-data/route.ts:7:19
2025-11-20T14:02:12.199Z  Type error: Module '"@/lib/db/schema"' has no exported member 'projectUpdates'.
2025-11-20T14:02:12.199Z  
2025-11-20T14:02:12.199Z  [0m [90m  5 |[39m   users[33m,[39m projects[33m,[39m communities[33m,[39m backings[33m,[39m comments[33m,[39m likes[33m,[39m [0m
2025-11-20T14:02:12.199Z  [0m [90m  6 |[39m   messages[33m,[39m notifications[33m,[39m follows[33m,[39m referrals[33m,[39m communityMembers[33m,[39m[0m
2025-11-20T14:02:12.199Z  [0m[31m[1m>[22m[39m[90m  7 |[39m   communityPosts[33m,[39m projectUpdates[33m,[39m marketingCampaigns[0m
2025-11-20T14:02:12.199Z  [0m [90m    |[39m                   [31m[1m^[22m[39m[0m
2025-11-20T14:02:12.199Z  [0m [90m  8 |[39m } [36mfrom[39m [32m'@/lib/db/schema'[39m[33m;[39m[0m
2025-11-20T14:02:12.199Z  [0m [90m  9 |[39m [36mimport[39m { eq[33m,[39m or[33m,[39m like[33m,[39m notInArray[33m,[39m sql } [36mfrom[39m [32m'drizzle-orm'[39m[33m;[39m[0m
2025-11-20T14:02:12.199Z  [0m [90m 10 |[39m[0m
2025-11-20T14:02:12.267Z   ELIFECYCLE  Command failed with exit code 1.
2025-11-20T14:02:12.287Z  Error: Command "pnpm build" exited with 1
