Vercel CLI 48.8.2
Retrieving project…
Deploying alialshehriars-projects/bithrah-app
Uploading [--------------------] (0.0B/27.9KB)
Uploading [=========-----------] (13.3KB/27.9KB)
Uploading [============--------] (17.6KB/27.9KB)
Uploading [================----] (23.6KB/27.9KB)
Uploading [====================] (27.9KB/27.9KB)
Inspect: https://vercel.com/alialshehriars-projects/bithrah-app/GjkxsCDwEmDN4T36wsJdVj79yUxJ [3s]
Production: https://bithrah-bjvoe0e3b-alialshehriars-projects.vercel.app [3s]
https://bithrah-bjvoe0e3b-alialshehriars-projects.vercel.appQueued
Building
2025-11-22T21:11:03.222Z  Running build in Washington, D.C., USA (East) – iad1
2025-11-22T21:11:03.223Z  Build machine configuration: 4 cores, 8 GB
2025-11-22T21:11:03.405Z  Retrieving list of deployment files...
2025-11-22T21:11:03.926Z  Downloading 310 deployment files...
2025-11-22T21:11:08.040Z  Restored build cache from previous deployment (9ifyHaVUzKdBjRJDBjG1jEuWyL2i)
2025-11-22T21:11:08.911Z  Running "vercel build"
2025-11-22T21:11:09.330Z  Vercel CLI 48.10.5
2025-11-22T21:11:09.742Z  Detected `pnpm-lock.yaml` 9 which may be generated by pnpm@9.x or pnpm@10.x
2025-11-22T21:11:09.742Z  Using pnpm@10.x based on project creation date
2025-11-22T21:11:09.742Z  To use pnpm@9.x, manually opt in using corepack (https://vercel.com/docs/deployments/configure-a-build#corepack)
2025-11-22T21:11:09.747Z  Running "install" command: `pnpm install`...
2025-11-22T21:11:10.439Z  Lockfile is up to date, resolution step is skipped
2025-11-22T21:11:10.517Z  Progress: resolved 1, reused 0, downloaded 0, added 0
2025-11-22T21:11:10.566Z  Packages: +9
2025-11-22T21:11:10.566Z  +++++++++
2025-11-22T21:11:10.931Z  Progress: resolved 9, reused 0, downloaded 9, added 9, done
2025-11-22T21:11:11.266Z  
2025-11-22T21:11:11.267Z  dependencies:
2025-11-22T21:11:11.267Z  + resend 6.4.2
2025-11-22T21:11:11.267Z  
2025-11-22T21:11:11.267Z  ╭ Warning ─────────────────────────────────────────────────────────────────────╮
2025-11-22T21:11:11.267Z  │                                                                              │
2025-11-22T21:11:11.267Z  │   Ignored build scripts: esbuild, unrs-resolver.                             │
2025-11-22T21:11:11.267Z  │   Run "pnpm approve-builds" to pick which dependencies should be allowed     │
2025-11-22T21:11:11.268Z  │   to run scripts.                                                            │
2025-11-22T21:11:11.268Z  │                                                                              │
2025-11-22T21:11:11.268Z  ╰──────────────────────────────────────────────────────────────────────────────╯
2025-11-22T21:11:11.268Z  
2025-11-22T21:11:11.317Z  Done in 1.4s using pnpm v10.21.0
2025-11-22T21:11:11.330Z  Detected Next.js version: 14.2.5
2025-11-22T21:11:11.331Z  Running "pnpm build"
2025-11-22T21:11:11.641Z  
2025-11-22T21:11:11.642Z  > bithrah-app@1.0.1 build /vercel/path0
2025-11-22T21:11:11.642Z  > next build
2025-11-22T21:11:11.642Z  
2025-11-22T21:11:12.345Z    ▲ Next.js 14.2.5
2025-11-22T21:11:12.345Z  
2025-11-22T21:11:12.410Z     Creating an optimized production build ...
2025-11-22T21:11:27.894Z   ⚠ Compiled with warnings
2025-11-22T21:11:27.894Z  
2025-11-22T21:11:27.894Z  ./app/api/conversations/[conversationId]/messages/route.ts
2025-11-22T21:11:27.894Z  Attempted import error: 'getServerSession' is not exported from 'next-auth' (imported as 'getServerSession').
2025-11-22T21:11:27.895Z  
2025-11-22T21:11:27.895Z  Import trace for requested module:
2025-11-22T21:11:27.895Z  ./app/api/conversations/[conversationId]/messages/route.ts
2025-11-22T21:11:27.895Z  
2025-11-22T21:11:27.895Z  ./app/api/conversations/[conversationId]/messages/route.ts
2025-11-22T21:11:27.895Z  Attempted import error: 'authOptions' is not exported from '@/auth' (imported as 'authOptions').
2025-11-22T21:11:27.895Z  
2025-11-22T21:11:27.895Z  Import trace for requested module:
2025-11-22T21:11:27.895Z  ./app/api/conversations/[conversationId]/messages/route.ts
2025-11-22T21:11:27.895Z  
2025-11-22T21:11:27.896Z  ./app/api/conversations/[conversationId]/messages/route.ts
2025-11-22T21:11:27.896Z  Attempted import error: 'getServerSession' is not exported from 'next-auth' (imported as 'getServerSession').
2025-11-22T21:11:27.896Z  
2025-11-22T21:11:27.896Z  Import trace for requested module:
2025-11-22T21:11:27.896Z  ./app/api/conversations/[conversationId]/messages/route.ts
2025-11-22T21:11:27.896Z  
2025-11-22T21:11:27.896Z  ./app/api/conversations/[conversationId]/messages/route.ts
2025-11-22T21:11:27.896Z  Attempted import error: 'authOptions' is not exported from '@/auth' (imported as 'authOptions').
2025-11-22T21:11:27.896Z  
2025-11-22T21:11:27.896Z  Import trace for requested module:
2025-11-22T21:11:27.896Z  ./app/api/conversations/[conversationId]/messages/route.ts
2025-11-22T21:11:27.896Z  
2025-11-22T21:11:27.896Z  ./app/api/conversations/route.ts
2025-11-22T21:11:27.896Z  Attempted import error: 'getServerSession' is not exported from 'next-auth' (imported as 'getServerSession').
2025-11-22T21:11:27.896Z  
2025-11-22T21:11:27.896Z  Import trace for requested module:
2025-11-22T21:11:27.896Z  ./app/api/conversations/route.ts
2025-11-22T21:11:27.896Z  
2025-11-22T21:11:27.897Z  ./app/api/conversations/route.ts
2025-11-22T21:11:27.897Z  Attempted import error: 'authOptions' is not exported from '@/auth' (imported as 'authOptions').
2025-11-22T21:11:27.897Z  
2025-11-22T21:11:27.897Z  Import trace for requested module:
2025-11-22T21:11:27.897Z  ./app/api/conversations/route.ts
2025-11-22T21:11:27.897Z  
2025-11-22T21:11:27.897Z  ./app/api/conversations/route.ts
2025-11-22T21:11:27.897Z  Attempted import error: 'getServerSession' is not exported from 'next-auth' (imported as 'getServerSession').
2025-11-22T21:11:27.897Z  
2025-11-22T21:11:27.897Z  Import trace for requested module:
2025-11-22T21:11:27.897Z  ./app/api/conversations/route.ts
2025-11-22T21:11:27.897Z  
2025-11-22T21:11:27.897Z  ./app/api/conversations/route.ts
2025-11-22T21:11:27.897Z  Attempted import error: 'authOptions' is not exported from '@/auth' (imported as 'authOptions').
2025-11-22T21:11:27.897Z  
2025-11-22T21:11:27.897Z  Import trace for requested module:
2025-11-22T21:11:27.897Z  ./app/api/conversations/route.ts
2025-11-22T21:11:27.897Z  
2025-11-22T21:11:27.897Z  ./app/api/users/[userId]/follow/route.ts
2025-11-22T21:11:27.897Z  Attempted import error: 'getServerSession' is not exported from 'next-auth' (imported as 'getServerSession').
2025-11-22T21:11:27.897Z  
2025-11-22T21:11:27.898Z  Import trace for requested module:
2025-11-22T21:11:27.898Z  ./app/api/users/[userId]/follow/route.ts
2025-11-22T21:11:27.898Z  
2025-11-22T21:11:27.898Z  ./app/api/users/[userId]/follow/route.ts
2025-11-22T21:11:27.898Z  Attempted import error: 'authOptions' is not exported from '@/auth' (imported as 'authOptions').
2025-11-22T21:11:27.898Z  
2025-11-22T21:11:27.898Z  Import trace for requested module:
2025-11-22T21:11:27.898Z  ./app/api/users/[userId]/follow/route.ts
2025-11-22T21:11:27.898Z  
2025-11-22T21:11:27.898Z  ./app/api/users/[userId]/follow/route.ts
2025-11-22T21:11:27.898Z  Attempted import error: 'getServerSession' is not exported from 'next-auth' (imported as 'getServerSession').
2025-11-22T21:11:27.898Z  
2025-11-22T21:11:27.898Z  Import trace for requested module:
2025-11-22T21:11:27.898Z  ./app/api/users/[userId]/follow/route.ts
2025-11-22T21:11:27.898Z  
2025-11-22T21:11:27.898Z  ./app/api/users/[userId]/follow/route.ts
2025-11-22T21:11:27.898Z  Attempted import error: 'authOptions' is not exported from '@/auth' (imported as 'authOptions').
2025-11-22T21:11:27.901Z  
2025-11-22T21:11:27.901Z  Import trace for requested module:
2025-11-22T21:11:27.901Z  ./app/api/users/[userId]/follow/route.ts
2025-11-22T21:11:27.901Z  
2025-11-22T21:11:27.901Z  ./app/api/users/[userId]/follow/route.ts
2025-11-22T21:11:27.901Z  Attempted import error: 'getServerSession' is not exported from 'next-auth' (imported as 'getServerSession').
2025-11-22T21:11:27.901Z  
2025-11-22T21:11:27.901Z  Import trace for requested module:
2025-11-22T21:11:27.901Z  ./app/api/users/[userId]/follow/route.ts
2025-11-22T21:11:27.901Z  
2025-11-22T21:11:27.901Z  ./app/api/users/[userId]/follow/route.ts
2025-11-22T21:11:27.901Z  Attempted import error: 'authOptions' is not exported from '@/auth' (imported as 'authOptions').
2025-11-22T21:11:27.901Z  
2025-11-22T21:11:27.902Z  Import trace for requested module:
2025-11-22T21:11:27.902Z  ./app/api/users/[userId]/follow/route.ts
2025-11-22T21:11:27.902Z  
2025-11-22T21:11:40.342Z   ✓ Compiled successfully
2025-11-22T21:11:40.343Z     Linting and checking validity of types ...
2025-11-22T21:11:59.543Z  Failed to compile.
2025-11-22T21:11:59.543Z  
2025-11-22T21:11:59.543Z  ./app/api/conversations/[conversationId]/messages/route.ts:5:10
2025-11-22T21:11:59.543Z  Type error: Module '"next-auth"' has no exported member 'getServerSession'. Did you mean to use 'import getServerSession from "next-auth"' instead?
2025-11-22T21:11:59.543Z  
2025-11-22T21:11:59.543Z  [0m [90m 3 |[39m [36mimport[39m { messages[33m,[39m conversations[33m,[39m conversationParticipants[33m,[39m users } [36mfrom[39m [32m'@/lib/db/schema'[39m[33m;[39m[0m
2025-11-22T21:11:59.544Z  [0m [90m 4 |[39m [36mimport[39m { eq[33m,[39m and[33m,[39m desc } [36mfrom[39m [32m'drizzle-orm'[39m[33m;[39m[0m
2025-11-22T21:11:59.544Z  [0m[31m[1m>[22m[39m[90m 5 |[39m [36mimport[39m { getServerSession } [36mfrom[39m [32m'next-auth'[39m[33m;[39m[0m
2025-11-22T21:11:59.544Z  [0m [90m   |[39m          [31m[1m^[22m[39m[0m
2025-11-22T21:11:59.544Z  [0m [90m 6 |[39m [36mimport[39m { authOptions } [36mfrom[39m [32m'@/auth'[39m[33m;[39m[0m
2025-11-22T21:11:59.544Z  [0m [90m 7 |[39m[0m
2025-11-22T21:11:59.544Z  [0m [90m 8 |[39m [90m// Get messages in a conversation[39m[0m
2025-11-22T21:11:59.613Z   ELIFECYCLE  Command failed with exit code 1.
2025-11-22T21:11:59.635Z  Error: Command "pnpm build" exited with 1
